Scenario - visualsearchtask
Logfile written - 02/12/2018 16:13:58

Trial	Event Type	Code	Time	TTime	Uncertainty	Duration	Uncertainty	ReqTime	ReqDur	Stim Type	Pair Index

1	Picture	Wait Screen	141	0	0	38906	0	0	next	other	0
1	Response	11	38932	38790	0
2	Picture	ITI	39048	0	0	5156	0	0	next	other	0
3	Picture	fix	44204	0	0	5156	0	0	next	other	0
4	Picture	pic	49360	0	0	30156	0	0	next	other	0
5	Nothing	Trial:1;FC:0; CC:0; FNL:0; ANS:0	79361	0	1			0		other	0
6	Picture	First Choice	79516	0	0	11563	0	0	next	false_alarm	8
6	Response	10	91028	11512	0
7	Picture	Comp Choice	91079	0	0	20156	0	0	next	other	0
8	Picture	Final Choice	111235	0	0	9688	0	0	next	false_alarm	11
8	Response	10	120739	9504	0
9	Picture	Answer	120923	0	0	7656	0	0	next	false_alarm	13
9	Response	11	128489	7566	0
10	Picture	ITI	128579	0	0	5156	0	0	next	other	0
11	Picture	ITI	133735	0	0	5156	0	0	next	other	0
12	Picture	fix	138891	0	0	5156	0	0	next	other	0
13	Picture	pic	144048	0	0	30156	0	0	next	other	0
14	Nothing	Trial:2;FC:10; CC:10; FNL:10; ANS:10	174048	0	0			0		other	0
15	Picture	First Choice	174204	0	0	4844	0	0	next	false_alarm	20
15	Response	1	178873	4669	0
16	Picture	Comp Choice	179048	0	0	20156	0	0	next	other	0
17	Picture	Final Choice	199204	0	0	11875	0	0	next	false_alarm	23
17	Response	1	210961	11757	0
18	Picture	Answer	211079	0	0	6875	0	0	next	false_alarm	25
18	Response	11	217930	6851	0
19	Picture	ITI	217954	0	0	5156	0	0	next	other	0
20	Picture	ITI	223110	0	0	5156	0	0	next	other	0
21	Picture	fix	228266	0	0	5156	0	0	next	other	0
22	Picture	pic	233423	0	0	30156	0	0	next	other	0
23	Nothing	Trial:3;FC:1; CC:1; FNL:1; ANS:1	263423	0	0			0		other	0
24	Picture	First Choice	263579	0	0	10625	0	0	next	false_alarm	32
24	Response	10	274131	10552	0
25	Picture	Comp Choice	274204	0	0	20156	0	0	next	other	0
26	Picture	Final Choice	294360	0	0	39844	0	0	next	false_alarm	35
26	Response	2	334058	39698	0
27	Picture	Answer	334204	0	0	12656	0	0	next	false_alarm	37
27	Response	11	346717	12513	0
28	Picture	ITI	346860	0	0	5156	0	0	next	other	0
29	Picture	ITI	352016	0	0	5156	0	0	next	other	0
30	Picture	fix	357173	0	0	5156	0	0	next	other	0
31	Picture	pic	362329	0	0	30156	0	0	next	other	0
32	Nothing	Trial:4;FC:10; CC:2; FNL:2; ANS:1	392329	0	1			0		other	0
33	Picture	First Choice	392485	0	0	7813	0	0	next	false_alarm	44
33	Response	1	400167	7682	0
34	Picture	Comp Choice	400298	0	0	20156	0	0	next	other	0
35	Picture	Final Choice	420454	0	0	19844	0	0	next	false_alarm	47
35	Response	1	440175	19721	0
36	Picture	Answer	440298	0	0	11094	0	0	next	false_alarm	49
36	Response	11	451342	11044	0
37	Picture	ITI	451391	0	0	5156	0	0	next	other	0
38	Picture	ITI	456548	0	0	5156	0	0	next	other	0
39	Picture	fix	461704	0	0	5156	0	0	next	other	0
40	Picture	pic	466860	0	0	30156	0	0	next	other	0
41	Nothing	Trial:5;FC:1; CC:2; FNL:1; ANS:2	496861	0	1			0		other	0
42	Picture	First Choice	497016	0	0	4688	0	0	next	false_alarm	56
42	Response	3	501653	4636	0
43	Picture	Comp Choice	501704	0	0	20156	0	0	next	other	0
44	Picture	Final Choice	521860	0	0	6563	0	0	next	false_alarm	59
44	Response	3	528237	6376	0
45	Picture	Answer	528423	0	0	7969	0	0	next	false_alarm	61
45	Response	11	536343	7920	0
46	Picture	ITI	536391	0	0	8478	0	0	next	other	0


{
   "app": "Presentation Version 20.0 Build 10.19.17",
   "device": "Dell Inc. Latitude 7480",
   "experiment": "{2094B016-167B-405E-8477-13F28FFEBDCE}",
   "os": "Windows 10 64 bit",
   "package": "",
   "parameters": {
      "configuration": "Default configuration"
   },
   "scenario": "VisualSearchTask_Practice.sce",
   "subject": "",
   "timestamp": "2018/02/13 00:13:02 GMT"
}
