Scenario - Demographics & Questionnaire
Logfile written - 02/12/2018 16:37:16

Trial	Event Type	Code	Time	TTime	Uncertainty	Duration	Uncertainty	ReqTime	ReqDur	Stim Type	Pair Index

0	Text Input	3	146575	146575	0
0	Response	1	146575	146575	0
1	Picture	Trustworthy	146672	0	0	71875	0	0	next	other	0
1	Text Input	75	218410	71738	0
1	Response	1	218410	71738	0
2	Picture	Performance	218547	0	0	59688	0	0	next	other	0
2	Text Input	5	278118	59571	0
2	Response	1	278118	59571	0
3	Picture	Reliable	278234	0	0	62500	0	0	next	other	0
3	Text Input	47	340569	62335	0
3	Response	1	340569	62335	0
4	Picture	age	340734	0	0	65469	0	0	next	other	0
4	Text Input	female	406095	65361	0
4	Response	1	406095	65361	0
5	Picture	gender	406203	0	0	40312	0	0	next	other	0
5	Text Input	yes	446435	40232	0
5	Response	1	446435	40232	0
6	Picture	vision	446515	0	0	50469	0	0	next	other	0
6	Text Input	6	496946	50430	0
6	Response	1	496946	50430	0
7	Picture	ed	496984	0	0	67969	0	0	next	other	0
7	Text Input	professor	564898	67914	0
7	Response	1	564898	67914	0
8	Picture	occupation	564953	0	0	61562	0	0	next	other	0
8	Text Input	n/a	626395	61442	0
8	Response	1	626395	61442	0
9	Picture	military	626515	0	0	44688	0	0	next	other	0
9	Text Input	3	671045	44529	0
9	Response	1	671045	44529	0
10	Picture	comfy	671203	0	0	47500	0	0	next	other	0
10	Text Input	2	718554	47351	0
10	Response	1	718554	47351	0
11	Picture	play	718703	0	0	221562	0	0	next	other	0
11	Text Input	1, 2, 3, 4	940152	221449	0
11	Response	1	940152	221449	0
12	Picture	automation	940265	0	0	71719	0	0	next	other	0
12	Text Input	3	1011892	71626	0
12	Response	1	1011892	71626	0
13	Picture	swift	1011984	0	0	591875	0	0	next	other	0
13	Text Input	1	1306471	294487	0
13	Response	1	1306471	294487	0
13	Text Input	3	1425162	413178	0
13	Response	1	1425162	413178	0
13	Text Input	5	1495773	483788	0
13	Response	1	1495773	483788	0
13	Text Input	2	1565581	553597	0
13	Response	1	1565581	553597	0
13	Text Input	4	1603792	591807	0
13	Response	1	1603792	591807	0
14	Picture	Offensive	1603859	0	0	156	0	0	next	other	0
15	Response	1	1628671	24656	0


{
   "app": "Presentation Version 20.0 Build 10.19.17",
   "device": "Dell Inc. Latitude 7480",
   "experiment": "{2094B016-167B-405E-8477-13F28FFEBDCE}",
   "os": "Windows 10 64 bit",
   "package": "",
   "parameters": {
      "configuration": "Default configuration"
   },
   "scenario": "Demographics.sce",
   "subject": "",
   "timestamp": "2018/02/13 00:34:33 GMT"
}
