Scenario - InvestGamePractice
Logfile written - 02/12/2018 16:14:29

Trial	Event Type	Code	Time	TTime	Uncertainty	Duration	Uncertainty	ReqTime	ReqDur	Stim Type	Pair Index

1	Picture	Wait Screen	84	0	0	35000	0	0	next	other	0
1	Response	1	35015	34931	0
2	Picture	Practiceinvestment	35084	0	0	146250	0	0	next	other	0
2	Response	1	181168	146084	0
3	Picture	E4_application	181334	0	0	125651	0	0	next	other	0
3	Text Input	40	303536	122202	0
3	Response	1	303536	122202	0


{
   "app": "Presentation Version 20.0 Build 10.19.17",
   "device": "Dell Inc. Latitude 7480",
   "experiment": "{2094B016-167B-405E-8477-13F28FFEBDCE}",
   "os": "Windows 10 64 bit",
   "package": "",
   "parameters": {
      "configuration": "Default configuration"
   },
   "scenario": "InvestGame_Practice.sce",
   "subject": "",
   "timestamp": "2018/02/13 00:13:58 GMT"
}
