Scenario - MoodQuestionnaire2
Logfile written - 02/12/2018 15:56:41

Trial	Event Type	Code	Time	TTime	Uncertainty	Duration	Uncertainty	ReqTime	ReqDur	Stim Type	Pair Index

1	Picture	Wait Screen	43	0	0	23594	0	0	next	other	0
1	Response	1	23589	23546	0
2	Picture	interested	23636	0	0	68594	0	0	next	other	0
2	Text Input	3	92124	68488	0
2	Response	1	92124	68488	0
3	Picture	distressed	92230	0	0	22188	0	0	next	other	0
3	Text Input	1	114297	22066	0
3	Response	1	114297	22066	0
4	Picture	excited	114418	0	0	37031	0	0	next	other	0
4	Text Input	2	151414	36996	0
4	Response	1	151414	36996	0
5	Picture	upset	151449	0	0	23594	0	0	next	other	0
5	Text Input	1	174935	23486	0
5	Response	1	174935	23486	0
6	Picture	strong	175043	0	0	28594	0	0	next	other	0
6	Text Input	3	203506	28463	0
6	Response	1	203506	28463	0
7	Picture	guilty	203636	0	0	21563	0	0	next	other	0
7	Text Input	1	225158	21522	0
7	Response	1	225158	21522	0
8	Picture	scared	225199	0	0	27656	0	0	next	other	0
8	Text Input	1	252700	27501	0
8	Response	1	252700	27501	0
9	Picture	hostile	252855	0	0	23125	0	0	next	other	0
9	Text Input	1	275873	23018	0
9	Response	1	275873	23018	0
10	Picture	enthusiastic	275980	0	0	22500	0	0	next	other	0
10	Text Input	2	298442	22462	0
10	Response	1	298442	22462	0
11	Picture	proud	298480	0	0	19063	0	0	next	other	0
11	Text Input	2	317507	19027	0
11	Response	1	317507	19027	0
12	Picture	irritable	317543	0	0	20156	0	0	next	other	0
12	Text Input	1	337678	20135	0
12	Response	1	337678	20135	0
13	Picture	alert	337699	0	0	25156	0	0	next	other	0
13	Text Input	3	362694	24996	0
13	Response	1	362694	24996	0
14	Picture	ashamed	362855	0	0	26563	0	0	next	other	0
14	Text Input	1	389282	26427	0
14	Response	1	389282	26427	0
15	Picture	inspired	389418	0	0	29531	0	0	next	other	0
15	Text Input	2	418811	29393	0
15	Response	1	418811	29393	0
16	Picture	nervous	418949	0	0	27813	0	0	next	other	0
16	Text Input	1	446636	27687	0
16	Response	1	446636	27687	0
17	Picture	determined	446761	0	0	30156	0	0	next	other	0
17	Text Input	2	476811	30050	0
17	Response	1	476811	30050	0
18	Picture	attentive	476918	0	0	21094	0	0	next	other	0
18	Text Input	3	497879	20961	0
18	Response	1	497879	20961	0
19	Picture	jittery	498011	0	0	27969	0	0	next	other	0
19	Text Input	1	525924	27913	0
19	Response	1	525924	27913	0
20	Picture	active	525980	0	0	22500	0	0	next	other	0
20	Text Input	2	548410	22430	0
20	Response	1	548410	22430	0
21	Picture	afraid	548480	0	0	21563	0	0	next	other	0
21	Text Input	1	569995	21514	0
21	Response	1	569995	21514	0
22	Picture	Next	570043	0	0	33445	0	0	next	other	0


{
   "app": "Presentation Version 20.0 Build 10.19.17",
   "device": "Dell Inc. Latitude 7480",
   "experiment": "{2094B016-167B-405E-8477-13F28FFEBDCE}",
   "os": "Windows 10 64 bit",
   "package": "",
   "parameters": {
      "configuration": "Default configuration"
   },
   "scenario": "MoodQuestionnaire_2.sce",
   "subject": "",
   "timestamp": "2018/02/12 23:55:40 GMT"
}
