Scenario - visualsearchtask
Logfile written - 02/12/2018 15:34:18

Trial	Event Type	Code	Time	TTime	Uncertainty	Duration	Uncertainty	ReqTime	ReqDur	Stim Type	Pair Index

1	Picture	Wait Screen	29	0	0	15469	0	0	next	other	0
1	Response	11	15445	15416	0
2	Picture	ITI	15498	0	0	5156	0	0	next	other	0
3	Picture	fix	20654	0	0	5156	0	0	next	other	0
4	Picture	pic	25810	0	0	30156	0	0	next	other	0
5	Nothing	Trial:1;FC:0; CC:0; FNL:0; ANS:0	55811	0	0			0		other	0
6	Picture	First Choice	55967	0	0	4063	0	0	next	false_alarm	8
6	Response	10	59859	3893	0
7	Picture	Comp Choice	60029	0	0	20156	0	0	next	other	0
8	Picture	Final Choice	80185	0	0	4844	0	0	next	false_alarm	11
8	Response	10	84866	4681	0
9	Picture	Answer	85029	0	0	11563	0	0	next	false_alarm	13
9	Response	11	96495	11466	0
10	Picture	ITI	96592	0	0	5156	0	0	next	other	0
11	Picture	ITI	101748	0	0	5156	0	0	next	other	0
12	Picture	fix	106904	0	0	5156	0	0	next	other	0
13	Picture	pic	112060	0	0	30156	0	0	next	other	0
14	Nothing	Trial:2;FC:10; CC:10; FNL:10; ANS:10	142061	0	1			0		other	0
15	Picture	First Choice	142217	0	0	12344	0	0	next	false_alarm	20
15	Response	1	154418	12201	0
16	Picture	Comp Choice	154560	0	0	20156	0	0	next	other	0
17	Picture	Final Choice	174717	0	0	11875	0	0	next	false_alarm	23
17	Response	1	186524	11807	0
18	Picture	Answer	186592	0	0	9531	0	0	next	false_alarm	25
18	Response	11	196017	9426	0
19	Picture	ITI	196123	0	0	5156	0	0	next	other	0
20	Picture	ITI	201279	0	0	5156	0	0	next	other	0
21	Picture	fix	206435	0	0	5156	0	0	next	other	0
22	Picture	pic	211592	0	0	30156	0	0	next	other	0
23	Nothing	Trial:3;FC:1; CC:1; FNL:1; ANS:1	241592	0	1			0		other	0
24	Picture	First Choice	241748	0	0	15938	0	0	next	false_alarm	32
24	Response	10	257605	15858	0
25	Picture	Comp Choice	257685	0	0	20156	0	0	next	other	0
26	Picture	Final Choice	277842	0	0	26719	0	0	next	false_alarm	35
26	Response	10	304364	26523	0
27	Picture	Answer	304560	0	0	17812	0	0	next	false_alarm	37
27	Response	11	322227	17667	0
28	Picture	ITI	322373	0	0	5156	0	0	next	other	0
29	Picture	ITI	327529	0	0	5000	0	0	next	other	0
30	Picture	fix	332529	0	0	5156	0	0	next	other	0
31	Picture	pic	337685	0	0	30156	0	0	next	other	0
32	Nothing	Trial:4;FC:10; CC:2; FNL:10; ANS:1	367686	0	0			0		other	0
33	Picture	First Choice	367842	0	0	9688	0	0	next	false_alarm	44
33	Response	2	377332	9491	0
34	Picture	Comp Choice	377529	0	0	20156	0	0	next	other	0
35	Picture	Final Choice	397685	0	0	8437	0	0	next	false_alarm	47
35	Response	2	406011	8326	0
36	Picture	Answer	406123	0	0	7813	0	0	next	false_alarm	49
36	Response	11	413888	7766	1
37	Picture	ITI	413935	0	0	5156	0	0	next	other	0
38	Picture	ITI	419092	0	0	5156	0	0	next	other	0
39	Picture	fix	424248	0	0	5156	0	0	next	other	0
40	Picture	pic	429404	0	0	30156	0	0	next	other	0
41	Nothing	Trial:5;FC:2; CC:2; FNL:2; ANS:2	459405	0	0			0		other	0
42	Picture	First Choice	459560	0	0	6562	0	0	next	false_alarm	56
42	Response	3	465950	6389	0
43	Picture	Comp Choice	466123	0	0	20156	0	0	next	other	0
44	Picture	Final Choice	486279	0	0	8125	0	0	next	false_alarm	59
44	Response	3	494264	7985	0
45	Picture	Answer	494404	0	0	9531	0	0	next	false_alarm	61
45	Response	11	503778	9374	0
46	Picture	ITI	503935	0	0	8404	0	0	next	other	0


{
   "app": "Presentation Version 20.0 Build 10.19.17",
   "device": "Dell Inc. Latitude 7480",
   "experiment": "{2094B016-167B-405E-8477-13F28FFEBDCE}",
   "os": "Windows 10 64 bit",
   "package": "",
   "parameters": {
      "configuration": "Default configuration"
   },
   "scenario": "VisualSearchTask_Practice.sce",
   "subject": "",
   "timestamp": "2018/02/12 23:33:26 GMT"
}
